<?xml version="1.0" encoding="UTF-8"?>
<!-- Generated by org.testng.reporters.JUnitReportReporter -->
<testsuite hostname="DESKTOP-8L8H5SU" failures="0" tests="3" name="dataDriven.DatadrivenTest_AddNewEmployee" time="4.451" errors="0" timestamp="2022-04-22T21:56:37 IST" skipped="0">
  <testcase classname="dataDriven.DatadrivenTest_AddNewEmployee" name="postNewEmployee" time="0.573"/>
  <system-out/>
  <testcase classname="dataDriven.DatadrivenTest_AddNewEmployee" name="postNewEmployee" time="0.585"/>
  <system-out/>
  <testcase classname="dataDriven.DatadrivenTest_AddNewEmployee" name="postNewEmployee" time="3.293"/>
  <system-out/>
</testsuite> <!-- dataDriven.DatadrivenTest_AddNewEmployee -->
