<?xml version="1.0" encoding="UTF-8"?>
<!-- Generated by org.testng.reporters.JUnitReportReporter -->
<testsuite hostname="DESKTOP-8L8H5SU" failures="0" tests="1" name="part_1.TC_004_Get_All_Headers" time="4.171" errors="0" timestamp="2022-04-22T16:26:38 IST" skipped="0">
  <testcase classname="part_1.TC_004_Get_All_Headers" name="getallHeaders" time="4.171"/>
  <system-out/>
</testsuite> <!-- part_1.TC_004_Get_All_Headers -->
