<?xml version="1.0" encoding="UTF-8"?>
<!-- Generated by org.testng.reporters.JUnitReportReporter -->
<testsuite hostname="DESKTOP-8L8H5SU" failures="0" tests="1" name="part_1.TC_005_Get_validateResponseBody" time="3.671" errors="0" timestamp="2022-04-22T16:45:19 IST" skipped="0">
  <testcase classname="part_1.TC_005_Get_validateResponseBody" name="getValidateResponseBody" time="3.671"/>
  <system-out/>
</testsuite> <!-- part_1.TC_005_Get_validateResponseBody -->
