<?xml version="1.0" encoding="UTF-8"?>
<!-- Generated by org.testng.reporters.JUnitReportReporter -->
<testsuite hostname="DESKTOP-8L8H5SU" failures="0" tests="1" name="part_1.TC_006_Get_validateresponseBody_allNodes" time="4.643" errors="0" timestamp="2022-04-22T17:22:15 IST" skipped="0">
  <testcase classname="part_1.TC_006_Get_validateresponseBody_allNodes" name="getValidateResponseBody_AllNodes" time="4.643"/>
  <system-out/>
</testsuite> <!-- part_1.TC_006_Get_validateresponseBody_allNodes -->
