<?xml version="1.0" encoding="UTF-8"?>
<!-- Generated by org.testng.reporters.JUnitReportReporter -->
<testsuite hostname="DESKTOP-8L8H5SU" failures="0" tests="5" name="com.employee.testcases.TC_03_Post_SingleUser" time="1.251" errors="0" timestamp="2022-04-25T15:20:36 IST" skipped="0">
  <testcase classname="com.employee.testcases.TC_03_Post_SingleUser" name="checkResponseBody" time="0.048"/>
  <system-out/>
  <testcase classname="com.employee.testcases.TC_03_Post_SingleUser" name="checkUserNameField" time="1.169"/>
  <system-out/>
  <testcase classname="com.employee.testcases.TC_03_Post_SingleUser" name="checkContentType" time="0.023"/>
  <system-out/>
  <testcase classname="com.employee.testcases.TC_03_Post_SingleUser" name="checkResponsetime" time="0.007"/>
  <system-out/>
  <testcase classname="com.employee.testcases.TC_03_Post_SingleUser" name="checkStatusCode" time="0.004"/>
  <system-out/>
</testsuite> <!-- com.employee.testcases.TC_03_Post_SingleUser -->
