<?xml version="1.0" encoding="UTF-8"?>
<!-- Generated by org.testng.reporters.JUnitReportReporter -->
<testsuite hostname="DESKTOP-8L8H5SU" failures="0" tests="4" name="com.employee.testcases.TC_02_Get_SingleUSer" time="0.105" errors="0" timestamp="2022-04-25T14:51:22 IST" skipped="0">
  <testcase classname="com.employee.testcases.TC_02_Get_SingleUSer" name="checkStatusCode" time="0.004"/>
  <system-out/>
  <testcase classname="com.employee.testcases.TC_02_Get_SingleUSer" name="checkResponseBody" time="0.058"/>
  <system-out/>
  <testcase classname="com.employee.testcases.TC_02_Get_SingleUSer" name="checkResponsetime" time="0.017"/>
  <system-out/>
  <testcase classname="com.employee.testcases.TC_02_Get_SingleUSer" name="checkContentType" time="0.026"/>
  <system-out/>
</testsuite> <!-- com.employee.testcases.TC_02_Get_SingleUSer -->
