<?xml version="1.0" encoding="UTF-8"?>
<!-- Generated by org.testng.reporters.JUnitReportReporter -->
<testsuite hostname="DESKTOP-8L8H5SU" failures="0" tests="1" name="com.employee.testcases.TC_01_GetAllEmployees" time="0.010" errors="0" timestamp="2022-04-23T01:37:29 IST" skipped="0">
  <testcase classname="com.employee.testcases.TC_01_GetAllEmployees" name="checkResponseBody" time="0.010"/>
  <system-out/>
</testsuite> <!-- com.employee.testcases.TC_01_GetAllEmployees -->
