<?xml version="1.0" encoding="UTF-8"?>
<!-- Generated by org.testng.reporters.JUnitReportReporter -->
<testsuite hostname="DESKTOP-8L8H5SU" failures="0" tests="4" name="com.users.testcases.TC_01_Get_All_Users" time="0.096" errors="0" timestamp="2022-04-25T23:19:43 IST" skipped="0">
  <testcase classname="com.users.testcases.TC_01_Get_All_Users" name="checkContentType" time="0.014"/>
  <system-out/>
  <testcase classname="com.users.testcases.TC_01_Get_All_Users" name="checkResponseBody" time="0.069"/>
  <system-out/>
  <testcase classname="com.users.testcases.TC_01_Get_All_Users" name="checkStatusCode" time="0.004"/>
  <system-out/>
  <testcase classname="com.users.testcases.TC_01_Get_All_Users" name="checkResponsetime" time="0.009"/>
  <system-out/>
</testsuite> <!-- com.users.testcases.TC_01_Get_All_Users -->
