<?xml version="1.0" encoding="UTF-8"?>
<!-- Generated by org.testng.reporters.JUnitReportReporter -->
<testsuite hostname="DESKTOP-8L8H5SU" failures="0" tests="4" name="com.users.testcases.TC_02_Get_SingleUSer" time="0.023" errors="0" timestamp="2022-04-25T23:19:43 IST" skipped="0">
  <testcase classname="com.users.testcases.TC_02_Get_SingleUSer" name="checkContentType" time="0.010"/>
  <system-out/>
  <testcase classname="com.users.testcases.TC_02_Get_SingleUSer" name="checkStatusCode" time="0.003"/>
  <system-out/>
  <testcase classname="com.users.testcases.TC_02_Get_SingleUSer" name="checkResponseBody" time="0.008"/>
  <system-out/>
  <testcase classname="com.users.testcases.TC_02_Get_SingleUSer" name="checkResponsetime" time="0.002"/>
  <system-out/>
</testsuite> <!-- com.users.testcases.TC_02_Get_SingleUSer -->
