<?xml version="1.0" encoding="UTF-8"?>
<!-- Generated by org.testng.reporters.JUnitReportReporter -->
<testsuite hostname="DESKTOP-8L8H5SU" failures="0" tests="5" name="com.users.testcases.TC_03_Post_SingleUser" time="1.988" errors="0" timestamp="2022-04-25T23:19:43 IST" skipped="0">
  <testcase classname="com.users.testcases.TC_03_Post_SingleUser" name="checkContentType" time="0.005"/>
  <system-out/>
  <testcase classname="com.users.testcases.TC_03_Post_SingleUser" name="checkStatusCode" time="0.002"/>
  <system-out/>
  <testcase classname="com.users.testcases.TC_03_Post_SingleUser" name="checkResponseBody" time="0.003"/>
  <system-out/>
  <testcase classname="com.users.testcases.TC_03_Post_SingleUser" name="checkUserNameField" time="1.977"/>
  <system-out/>
  <testcase classname="com.users.testcases.TC_03_Post_SingleUser" name="checkResponsetime" time="0.001"/>
  <system-out/>
</testsuite> <!-- com.users.testcases.TC_03_Post_SingleUser -->
